"@af	\.
"@am	\.
"@ar	\.
"@ast	\.
"@be	\.
"@bg	\.
"@bn	\.
"@br	\.
"@brx	\.
"@bs	\.
"@ca	\.
"@co	\.
"@cs	\.
"@cy	\.
"@da	\.
"@de	\.
"@el	\.
"@eo	\.
"@es	\.
"@es-419	\.
"@et	\.
"@eu	\.
"@fa	\.
"@fi	\.
"@fil	\.
"@fo	\.
"@fr	\.
"@fr-CA	\.
"@fy	\.
"@ga	\.
"@gd	\.
"@gl	\.
"@gu	\.
"@hi	\.
"@hr	\.
"@ht	\.
"@hu	\.
"@hy	\.
"@id	\.
"@is	\.
"@it	\.
"@iw	\.
"@ja	\.
"@jv	\.
"@ka	\.
"@kg	\.
"@kk	\.
"@km	\.
"@kn	\.
"@ko	\.
"@ku	\.
"@la	\.
"@lad	\.
"@lb	\.
"@lt	\.
"@lv	\.
"@mg	\.
"@mi	\.
"@mk	\.
"@ml	\.
"@mn	\.
"@mr	\.
"@ms	\.
"@mt	\.
"@mul	\.
"@nap	\.
"@ne	\.
"@nl	\.
"@no	\.
"@ny	\.
"@oc	\.
"@or	\.
"@pa	\.
"@pl	\.
"@pt	\.
"@pt-PT	\.
"@ro	\.
"@ru	\.
"@sa	\.
"@sk	\.
"@sl	\.
"@sq	\.
"@sr	\.
"@sv	\.
"@sw	\.
"@ta	\.
"@te	\.
"@th	\.
"@tr	\.
"@ts	\.
"@tyv	\.
"@uk	\.
"@ur	\.
"@vi	\.
"@yi	\.
"@yo	\.
"@zh	\.
"@zh-HK	\.
"@zh-Hant	\.
"@zh-TW	\.
"@zu	\.
